<?xml version="1.0" encoding="UTF-8"?>
<!-- Generated by org.testng.reporters.JUnitReportReporter -->
<testsuite skipped="0" hostname="LAPTOP-UF1A7DVK" name="NewTest" tests="1" failures="0" timestamp="27 Sep 2019 07:44:37 GMT" time="10.227" errors="0">
  <testcase name="f" time="10.227" classname="NewTest"/>
</testsuite> <!-- NewTest -->
