<?xml version="1.0" encoding="UTF-8"?>
<!-- Generated by org.testng.reporters.JUnitReportReporter -->
<testsuite skipped="0" hostname="LAPTOP-UF1A7DVK" name="NewTest" tests="1" failures="0" timestamp="27 Sep 2019 08:13:27 GMT" time="8.095" errors="0">
  <testcase name="f" time="8.095" classname="NewTest"/>
</testsuite> <!-- NewTest -->
